Environment variables loaded from .env
Prisma schema loaded from prisma\schema.prisma

Error: Prisma schema validation - (validate wasm)
Error code: P1012
error: Error parsing attribute "@relation": The given constraint name `OrgUnit_parentId_fkey` has to be unique in the following namespace: on model `OrgUnit` for primary key, indexes, unique constraints and foreign keys. Please provide a different name using the `map` argument.
  -->  schema.prisma:19
   | 
18 |   navigationGroups NavigationGroup[]
19 |   parent           OrgUnit?          @relation("OrgHierarchy", fields: [parentId], references: [id])
20 |   children         OrgUnit[]         @relation("OrgHierarchy")
   | 
error: Error parsing attribute "@relation": The given constraint name `User_orgUnitId_fkey` has to be unique in the following namespace: on model `User` for primary key, indexes, unique constraints and foreign keys. Please provide a different name using the `map` argument.
  -->  schema.prisma:52
   | 
51 |   projectsManaged     Project[]         @relation("ProjectManager")
52 |   orgUnit             OrgUnit?          @relation(fields: [orgUnitId], references: [id])
53 |   supervisor          User?             @relation("UserSupervisor", fields: [supervisorId], references: [id])
   | 
error: Error parsing attribute "@relation": The given constraint name `User_supervisorId_fkey` has to be unique in the following namespace: on model `User` for primary key, indexes, unique constraints and foreign keys. Please provide a different name using the `map` argument.
  -->  schema.prisma:53
   | 
52 |   orgUnit             OrgUnit?          @relation(fields: [orgUnitId], references: [id])
53 |   supervisor          User?             @relation("UserSupervisor", fields: [supervisorId], references: [id])
54 |   subordinates        User[]            @relation("UserSupervisor")
   | 
error: Error parsing attribute "@relation": The given constraint name `Project_managerId_fkey` has to be unique in the following namespace: on model `Project` for primary key, indexes, unique constraints and foreign keys. Please provide a different name using the `map` argument.
  -->  schema.prisma:77
   | 
76 |   tasks              OperationalTask[]
77 |   manager            User?             @relation("ProjectManager", fields: [managerId], references: [id])
78 |   proposal           SolarProposal?    @relation(fields: [proposalId], references: [id])
   | 
error: Error parsing attribute "@relation": The given constraint name `Project_strategyId_fkey` has to be unique in the following namespace: on model `Project` for primary key, indexes, unique constraints and foreign keys. Please provide a different name using the `map` argument.
  -->  schema.prisma:79
   | 
78 |   proposal           SolarProposal?    @relation(fields: [proposalId], references: [id])
79 |   strategy           Strategy?         @relation(fields: [strategyId], references: [id])
80 |   risks              Risk[]
   | 
error: Error parsing attribute "@relation": The given constraint name `OperationalTask_assignedTo_fkey` has to be unique in the following namespace: on model `OperationalTask` for primary key, indexes, unique constraints and foreign keys. Please provide a different name using the `map` argument.
  -->  schema.prisma:109
   | 
108 |   checklists        Checklist[]
109 |   assignee          User?            @relation("TaskAssignee", fields: [assignedTo], references: [id])
110 |   project           Project?         @relation(fields: [projectId], references: [id], onDelete: Cascade)
   | 
error: Error parsing attribute "@relation": The given constraint name `OperationalTask_projectId_fkey` has to be unique in the following namespace: on model `OperationalTask` for primary key, indexes, unique constraints and foreign keys. Please provide a different name using the `map` argument.
  -->  schema.prisma:110
   | 
109 |   assignee          User?            @relation("TaskAssignee", fields: [assignedTo], references: [id])
110 |   project           Project?         @relation(fields: [projectId], references: [id], onDelete: Cascade)
111 |   predecessors      TaskDependency[] @relation("TaskPredecessor")
   | 
error: Error parsing attribute "@relation": The given constraint name `Strategy_parentId_fkey` has to be unique in the following namespace: on model `Strategy` for primary key, indexes, unique constraints and foreign keys. Please provide a different name using the `map` argument.
  -->  schema.prisma:134
   | 
133 |   risks       Risk[]
134 |   parent      Strategy?   @relation("StrategyHierarchy", fields: [parentId], references: [id])
135 |   children    Strategy[]  @relation("StrategyHierarchy")
   | 
error: Error parsing attribute "@relation": The given constraint name `KeyResult_strategyId_fkey` has to be unique in the following namespace: on model `KeyResult` for primary key, indexes, unique constraints and foreign keys. Please provide a different name using the `map` argument.
  -->  schema.prisma:151
   | 
150 |   lastUpdatedAt DateTime @default(now())
151 |   strategy      Strategy @relation(fields: [strategyId], references: [id], onDelete: Cascade)
152 | 
   | 
error: Error parsing attribute "@relation": The given constraint name `Risk_projectId_fkey` has to be unique in the following namespace: on model `Risk` for primary key, indexes, unique constraints and foreign keys. Please provide a different name using the `map` argument.
  -->  schema.prisma:167
   | 
166 |   createdAt   DateTime  @default(now())
167 |   project     Project?  @relation(fields: [projectId], references: [id], onDelete: Cascade)
168 |   strategy    Strategy? @relation(fields: [strategyId], references: [id], onDelete: Cascade)
   | 
error: Error parsing attribute "@relation": The given constraint name `Risk_strategyId_fkey` has to be unique in the following namespace: on model `Risk` for primary key, indexes, unique constraints and foreign keys. Please provide a different name using the `map` argument.
  -->  schema.prisma:168
   | 
167 |   project     Project?  @relation(fields: [projectId], references: [id], onDelete: Cascade)
168 |   strategy    Strategy? @relation(fields: [strategyId], references: [id], onDelete: Cascade)
169 | 
   | 
error: Error parsing attribute "@relation": The given constraint name `TaskDependency_successorId_fkey` has to be unique in the following namespace: on model `TaskDependency` for primary key, indexes, unique constraints and foreign keys. Please provide a different name using the `map` argument.
  -->  schema.prisma:180
   | 
179 |   predecessor   OperationalTask @relation("TaskPredecessor", fields: [predecessorId], references: [id], onDelete: Cascade)
180 |   successor     OperationalTask @relation("TaskSuccessor", fields: [successorId], references: [id], onDelete: Cascade)
181 | 
   | 
error: Error parsing attribute "@relation": The given constraint name `Checklist_taskId_fkey` has to be unique in the following namespace: on model `Checklist` for primary key, indexes, unique constraints and foreign keys. Please provide a different name using the `map` argument.
  -->  schema.prisma:191
   | 
190 |   createdAt DateTime        @default(now())
191 |   task      OperationalTask @relation(fields: [taskId], references: [id], onDelete: Cascade)
192 |   items     ChecklistItem[]
   | 
error: Error parsing attribute "@relation": The given constraint name `ChecklistItem_checklistId_fkey` has to be unique in the following namespace: on model `ChecklistItem` for primary key, indexes, unique constraints and foreign keys. Please provide a different name using the `map` argument.
  -->  schema.prisma:203
   | 
202 |   createdAt   DateTime  @default(now())
203 |   checklist   Checklist @relation(fields: [checklistId], references: [id], onDelete: Cascade)
204 | 
   | 
error: Error parsing attribute "@relation": The given constraint name `Pipeline_orgUnitId_fkey` has to be unique in the following namespace: on model `Pipeline` for primary key, indexes, unique constraints and foreign keys. Please provide a different name using the `map` argument.
  -->  schema.prisma:215
   | 
214 |   updatedAt DateTime @default(now()) @updatedAt
215 |   orgUnit   OrgUnit  @relation(fields: [orgUnitId], references: [id], onDelete: Cascade)
216 |   stages    Stage[]
   | 
error: Error parsing attribute "@relation": The given constraint name `Stage_pipelineId_fkey` has to be unique in the following namespace: on model `Stage` for primary key, indexes, unique constraints and foreign keys. Please provide a different name using the `map` argument.
  -->  schema.prisma:229
   | 
228 |   helpText   String?
229 |   pipeline   Pipeline @relation(fields: [pipelineId], references: [id], onDelete: Cascade)
230 | 
   | 
error: Error parsing attribute "@relation": The given constraint name `AuditLog_eventId_fkey` has to be unique in the following namespace: on model `AuditLog` for primary key, indexes, unique constraints and foreign keys. Please provide a different name using the `map` argument.
  -->  schema.prisma:247
   | 
246 |   userAgent  String?
247 |   event      Event?   @relation(fields: [eventId], references: [id])
248 |   user       User     @relation(fields: [userId], references: [id])
   | 
error: Error parsing attribute "@relation": The given constraint name `AuditLog_userId_fkey` has to be unique in the following namespace: on model `AuditLog` for primary key, indexes, unique constraints and foreign keys. Please provide a different name using the `map` argument.
  -->  schema.prisma:248
   | 
247 |   event      Event?   @relation(fields: [eventId], references: [id])
248 |   user       User     @relation(fields: [userId], references: [id])
249 | 
   | 
error: Error parsing attribute "@relation": The given constraint name `Lead_missionId_fkey` has to be unique in the following namespace: on model `Lead` for primary key, indexes, unique constraints and foreign keys. Please provide a different name using the `map` argument.
  -->  schema.prisma:288
   | 
287 |   tenantId         String            @default("default-tenant-001")
288 |   mission          Mission?          @relation(fields: [missionId], references: [id])
289 |   owner            User?             @relation("LeadOwner", fields: [ownerId], references: [id])
   | 
error: Error parsing attribute "@relation": The given constraint name `Lead_ownerId_fkey` has to be unique in the following namespace: on model `Lead` for primary key, indexes, unique constraints and foreign keys. Please provide a different name using the `map` argument.
  -->  schema.prisma:289
   | 
288 |   mission          Mission?          @relation(fields: [missionId], references: [id])
289 |   owner            User?             @relation("LeadOwner", fields: [ownerId], references: [id])
290 |   interactions     LeadInteraction[]
   | 
error: Error parsing attribute "@relation": The given constraint name `Mission_coordinatorId_fkey` has to be unique in the following namespace: on model `Mission` for primary key, indexes, unique constraints and foreign keys. Please provide a different name using the `map` argument.
  -->  schema.prisma:312
   | 
311 |   leads         Lead[]
312 |   coordinator   User?         @relation(fields: [coordinatorId], references: [id])
313 |   opportunities Opportunity[]
   | 
error: Error parsing attribute "@relation": The given constraint name `LeadInteraction_leadId_fkey` has to be unique in the following namespace: on model `LeadInteraction` for primary key, indexes, unique constraints and foreign keys. Please provide a different name using the `map` argument.
  -->  schema.prisma:358
   | 
357 |   createdAt DateTime @default(now())
358 |   lead      Lead     @relation(fields: [leadId], references: [id], onDelete: Cascade)
359 | 
   | 
error: Error parsing attribute "@relation": The given constraint name `SolarProposal_leadId_fkey` has to be unique in the following namespace: on model `SolarProposal` for primary key, indexes, unique constraints and foreign keys. Please provide a different name using the `map` argument.
  -->  schema.prisma:376
   | 
375 |   project        Project?
376 |   lead           Lead     @relation(fields: [leadId], references: [id], onDelete: Cascade)
377 | 
   | 
error: Error parsing attribute "@relation": The given constraint name `HRLeave_approverId_fkey` has to be unique in the following namespace: on model `HRLeave` for primary key, indexes, unique constraints and foreign keys. Please provide a different name using the `map` argument.
  -->  schema.prisma:393
   | 
392 |   createdAt   DateTime @default(now())
393 |   approver    User?    @relation("LeaveApprover", fields: [approverId], references: [id])
394 |   requester   User     @relation("LeaveRequester", fields: [requesterId], references: [id])
   | 
error: Error parsing attribute "@relation": The given constraint name `HRLeave_requesterId_fkey` has to be unique in the following namespace: on model `HRLeave` for primary key, indexes, unique constraints and foreign keys. Please provide a different name using the `map` argument.
  -->  schema.prisma:394
   | 
393 |   approver    User?    @relation("LeaveApprover", fields: [approverId], references: [id])
394 |   requester   User     @relation("LeaveRequester", fields: [requesterId], references: [id])
395 | 
   | 
error: Error parsing attribute "@relation": The given constraint name `Program_orgUnitId_fkey` has to be unique in the following namespace: on model `Program` for primary key, indexes, unique constraints and foreign keys. Please provide a different name using the `map` argument.
  -->  schema.prisma:420
   | 
419 |   updatedAt   DateTime @default(now())
420 |   OrgUnit     OrgUnit  @relation(fields: [orgUnitId], references: [id], onDelete: Cascade)
421 | 
   | 
error: Error parsing attribute "@relation": The given constraint name `WorkflowRule_orgUnitId_fkey` has to be unique in the following namespace: on model `WorkflowRule` for primary key, indexes, unique constraints and foreign keys. Please provide a different name using the `map` argument.
  -->  schema.prisma:441
   | 
440 |   createdAt DateTime @default(now())
441 |   OrgUnit   OrgUnit  @relation(fields: [orgUnitId], references: [id], onDelete: Cascade)
442 | 
   | 

Validation Error Count: 27
[Context: validate]

Prisma CLI Version : 5.10.2
