Â­Æ’Ă®â–’ Iniciando seed do Nexus...
   Limpando dados existentes...
   Criando Tenant de Teste...
   Criando estrutura organizacional...
   Criando programas...
   Criando pipelines...
   Criando usuâ”œĂ­rios...
   Criando estratâ”œÂ®gias...
   Criando indicadores (Key Results)...
   Criando projetos...
   Criando tarefas...
   Criando ativos...
   Criando regras de workflow...
   Criando navegaâ”œÂºâ”œĂºo padrâ”œĂºo (Ops)...
Ă”Â£Ă  Seed concluâ”œÂ¡do com sucesso!
   - 4 OrgUnits criadas
   - 2 Programas criados
   - 2 Pipelines (com 8 estâ”œĂ­gios)
   - 3 Usuâ”œĂ­rios criados (login: tecnologianeonorte@gmail.com, senha: bud4X891fd)
   - 4 Estratâ”œÂ®gias criadas (hierarquia Pilar > Objetivo > Iniciativa)
   - 3 Key Results criados
   - 2 Projetos criados
   - 4 Tarefas criadas
   - 2 Ativos criados
