node:internal/modules/cjs/loader:1451
  throw err;
  ^

Error: Cannot find module '../../../middlewares/auth.middleware'
Require stack:
- D:\Reposit├│rio_Pessoal\SaaS Projects\Neonorte\Neonorte\nexus-monolith\backend\src\modules\integrations\lumi\lumi.routes.js
- D:\Reposit├│rio_Pessoal\SaaS Projects\Neonorte\Neonorte\nexus-monolith\backend\src\server.js
    at Module._resolveFilename (node:internal/modules/cjs/loader:1448:15)
    at defaultResolveImpl (node:internal/modules/cjs/loader:1059:19)
    at resolveForCJSWithHooks (node:internal/modules/cjs/loader:1064:22)
    at Module._load (node:internal/modules/cjs/loader:1234:25)
    at TracingChannel.traceSync (node:diagnostics_channel:328:14)
    at wrapModuleLoad (node:internal/modules/cjs/loader:245:24)
    at Module.require (node:internal/modules/cjs/loader:1548:12)
    at require (node:internal/modules/helpers:152:16)
    at Object.<anonymous> (D:\Reposit├│rio_Pessoal\SaaS Projects\Neonorte\Neonorte\nexus-monolith\backend\src\modules\integrations\lumi\lumi.routes.js:4:24)
    at Module._compile (node:internal/modules/cjs/loader:1804:14) {
  code: 'MODULE_NOT_FOUND',
  requireStack: [
    'D:\\Reposit├│rio_Pessoal\\SaaS Projects\\Neonorte\\Neonorte\\nexus-monolith\\backend\\src\\modules\\integrations\\lumi\\lumi.routes.js',
    'D:\\Reposit├│rio_Pessoal\\SaaS Projects\\Neonorte\\Neonorte\\nexus-monolith\\backend\\src\\server.js'
  ]
}

Node.js v24.13.1
