[dotenv@17.2.3] injecting env (6) from .env -- tip: Г”ГңГ–ВҙВ©Г…  override existing env vars with { override: true }
ВӯЖ’ГңГҮ Starting Data Migration (ETL) from MySQL to Supabase PostgreSQL...
ВӯЖ’ГҙВӘ Migrating OrgUnits...
Г”ВЈГ  5 OrgUnits migrated.
ВӯЖ’ГҰГұ Migrating Users...
Г”ВЈГ  4 Users migrated.
ВӯЖ’ГёГұВҙВ©Г… Migrating Pipelines and Stages...
Г”ВЈГ  2 Pipelines migrated.
Г”ВЈГ  8 Stages migrated.
ВӯЖ’Г„В» Migrating Missions...
Г”ВЈГ  0 Missions migrated.
ВӯЖ’ГҰГ‘ Migrating Leads...
Г”ВЈГ  0 Leads migrated.
ВӯЖ’ГҶв–‘ Migrating Opportunities...
Г”ВЈГ  0 Opportunities migrated.
ВӯЖ’ВәВЎ Migrating Navigation & Workflow...
Г”ГҳГ® Migration failed: PrismaClientValidationError: 
Invalid `prismaTarget.navigationGroup.upsert()` invocation in
D:\Repositв”ңв”Ӯrio_Pessoal\SaaS Projects\Neonorte\Neonorte\nexus-monolith\backend\scripts\migrate.js:197:48

  194 console.log('ВӯЖ’ВәВЎ Migrating Navigation & Workflow...');
  195 const [navGroups] = await sourceDb.execute('SELECT * FROM NavigationGroup');
  196 for (const row of navGroups) {
Г”ГҘГҶ 197     await prismaTarget.navigationGroup.upsert({
            where: {
              id: "cmkuab3m2001fr5euf4m0kr23"
            },
            update: {},
            create: {
              id: "cmkuab3m2001fr5euf4m0kr23",
              orgUnitId: "cmkuab0kd0000r5eu4faq71gr",
              module: "OPS",
              title: "Planejamento & Estratв”ңВ®gia",
              order: 1,
              isVisible: 1,
                         ~
              createdAt: new Date("2026-01-26T01:02:36.171Z"),
              updatedAt: new Date("2026-01-26T01:02:36.171Z")
            }
          })

Argument `isVisible`: Invalid value provided. Expected Boolean, provided Int.
    at Cn (D:\Repositв”ңв”Ӯrio_Pessoal\SaaS Projects\Neonorte\Neonorte\nexus-monolith\backend\node_modules\@prisma\client\runtime\library.js:116:5888)
    at _n.handleRequestError (D:\Repositв”ңв”Ӯrio_Pessoal\SaaS Projects\Neonorte\Neonorte\nexus-monolith\backend\node_modules\@prisma\client\runtime\library.js:123:6510)
    at _n.handleAndLogRequestError (D:\Repositв”ңв”Ӯrio_Pessoal\SaaS Projects\Neonorte\Neonorte\nexus-monolith\backend\node_modules\@prisma\client\runtime\library.js:123:6188)
    at _n.request (D:\Repositв”ңв”Ӯrio_Pessoal\SaaS Projects\Neonorte\Neonorte\nexus-monolith\backend\node_modules\@prisma\client\runtime\library.js:123:5896)
    at async l (D:\Repositв”ңв”Ӯrio_Pessoal\SaaS Projects\Neonorte\Neonorte\nexus-monolith\backend\node_modules\@prisma\client\runtime\library.js:128:10871)
    at async migrateData (D:\Repositв”ңв”Ӯrio_Pessoal\SaaS Projects\Neonorte\Neonorte\nexus-monolith\backend\scripts\migrate.js:197:13) {
  clientVersion: '5.10.2'
}
